<?xml version="1.0" encoding="UTF-8"?>
<robot generator="Robot 6.1 (Python 3.11.0 on win32)" generated="20230728 22:11:27.313" rpa="false" schemaversion="4">
<suite id="s1" name="Test Login Rf" source="C:\Users\Aleksandra\PycharmProjects\pythonProject\test_login_rf.robot">
<test id="s1-t1" name="Login to the system" line="50">
<kw name="Open login page">
<kw name="Open Browser" library="SeleniumLibrary">
<arg>${LOGIN URL}</arg>
<arg>${BROWSER}</arg>
<doc>Opens a new browser instance to the optional ``url``.</doc>
<msg timestamp="20230728 22:11:27.648" level="INFO">Opening browser 'Chrome' to base url 'https://scouts-test.futbolkolektyw.pl/en'.</msg>
<status status="PASS" starttime="20230728 22:11:27.644" endtime="20230728 22:11:30.110"/>
</kw>
<kw name="Title Should Be" library="SeleniumLibrary">
<arg>Scouts panel - sign in</arg>
<doc>Verifies that the current page title equals ``title``.</doc>
<msg timestamp="20230728 22:11:30.135" level="INFO">Page title is 'Scouts panel - sign in'.</msg>
<status status="PASS" starttime="20230728 22:11:30.111" endtime="20230728 22:11:30.135"/>
</kw>
<status status="PASS" starttime="20230728 22:11:27.644" endtime="20230728 22:11:30.135"/>
</kw>
<kw name="Type in Email">
<kw name="Input Text" library="SeleniumLibrary">
<arg>${LOGIN INPUT}</arg>
<arg>user05@getnada.com</arg>
<doc>Types the given ``text`` into the text field identified by ``locator``.</doc>
<msg timestamp="20230728 22:11:30.143" level="INFO">Typing text 'user05@getnada.com' into text field '//*[@id='login']'.</msg>
<status status="PASS" starttime="20230728 22:11:30.140" endtime="20230728 22:11:30.637"/>
</kw>
<status status="PASS" starttime="20230728 22:11:30.138" endtime="20230728 22:11:30.637"/>
</kw>
<kw name="Type in password">
<kw name="Input Text" library="SeleniumLibrary">
<arg>${PASSWORD INPUT}</arg>
<arg>Test-1234</arg>
<doc>Types the given ``text`` into the text field identified by ``locator``.</doc>
<msg timestamp="20230728 22:11:30.637" level="INFO">Typing text 'Test-1234' into text field '//*[@id="password"]'.</msg>
<status status="PASS" starttime="20230728 22:11:30.637" endtime="20230728 22:11:30.893"/>
</kw>
<status status="PASS" starttime="20230728 22:11:30.637" endtime="20230728 22:11:30.893"/>
</kw>
<kw name="Click on the submit button">
<kw name="Click Element" library="SeleniumLibrary">
<arg>//div/button/span</arg>
<doc>Click the element identified by ``locator``.</doc>
<msg timestamp="20230728 22:11:30.899" level="INFO">Clicking element '//div/button/span'.</msg>
<status status="PASS" starttime="20230728 22:11:30.899" endtime="20230728 22:11:31.036"/>
</kw>
<status status="PASS" starttime="20230728 22:11:30.899" endtime="20230728 22:11:31.036"/>
</kw>
<kw name="Assert dashboard">
<kw name="Wait Until Element Is Visible" library="SeleniumLibrary">
<arg>${PAGE LOGO}</arg>
<doc>Waits until the element ``locator`` is visible.</doc>
<status status="PASS" starttime="20230728 22:11:31.040" endtime="20230728 22:11:31.432"/>
</kw>
<kw name="Title Should Be" library="SeleniumLibrary">
<arg>Scouts panel - sign in</arg>
<doc>Verifies that the current page title equals ``title``.</doc>
<msg timestamp="20230728 22:11:31.442" level="INFO">Page title is 'Scouts panel - sign in'.</msg>
<status status="PASS" starttime="20230728 22:11:31.432" endtime="20230728 22:11:31.442"/>
</kw>
<kw name="Capture Page Screenshot" library="SeleniumLibrary">
<arg>alert.png</arg>
<doc>Takes a screenshot of the current page and embeds it into a log file.</doc>
<msg timestamp="20230728 22:11:31.629" level="INFO" html="true">&lt;/td&gt;&lt;/tr&gt;&lt;tr&gt;&lt;td colspan="3"&gt;&lt;a href="alert.png"&gt;&lt;img src="alert.png" width="800px"&gt;&lt;/a&gt;</msg>
<status status="PASS" starttime="20230728 22:11:31.442" endtime="20230728 22:11:31.629"/>
</kw>
<status status="PASS" starttime="20230728 22:11:31.036" endtime="20230728 22:11:31.630"/>
</kw>
<kw name="Close Browser" library="SeleniumLibrary" type="TEARDOWN">
<doc>Closes the current browser.</doc>
<status status="PASS" starttime="20230728 22:11:31.633" endtime="20230728 22:11:33.953"/>
</kw>
<status status="PASS" starttime="20230728 22:11:27.644" endtime="20230728 22:11:33.953"/>
</test>
<test id="s1-t2" name="Sign Out Of The System" line="58">
<kw name="Open login page">
<kw name="Open Browser" library="SeleniumLibrary">
<arg>${LOGIN URL}</arg>
<arg>${BROWSER}</arg>
<doc>Opens a new browser instance to the optional ``url``.</doc>
<msg timestamp="20230728 22:11:33.961" level="INFO">Opening browser 'Chrome' to base url 'https://scouts-test.futbolkolektyw.pl/en'.</msg>
<status status="PASS" starttime="20230728 22:11:33.961" endtime="20230728 22:11:36.710"/>
</kw>
<kw name="Title Should Be" library="SeleniumLibrary">
<arg>Scouts panel - sign in</arg>
<doc>Verifies that the current page title equals ``title``.</doc>
<msg timestamp="20230728 22:11:36.721" level="INFO">Page title is 'Scouts panel - sign in'.</msg>
<status status="PASS" starttime="20230728 22:11:36.710" endtime="20230728 22:11:36.721"/>
</kw>
<status status="PASS" starttime="20230728 22:11:33.957" endtime="20230728 22:11:36.721"/>
</kw>
<kw name="Type in Email">
<kw name="Input Text" library="SeleniumLibrary">
<arg>${LOGIN INPUT}</arg>
<arg>user05@getnada.com</arg>
<doc>Types the given ``text`` into the text field identified by ``locator``.</doc>
<msg timestamp="20230728 22:11:36.724" level="INFO">Typing text 'user05@getnada.com' into text field '//*[@id='login']'.</msg>
<status status="PASS" starttime="20230728 22:11:36.723" endtime="20230728 22:11:37.270"/>
</kw>
<status status="PASS" starttime="20230728 22:11:36.722" endtime="20230728 22:11:37.270"/>
</kw>
<kw name="Type in password">
<kw name="Input Text" library="SeleniumLibrary">
<arg>${PASSWORD INPUT}</arg>
<arg>Test-1234</arg>
<doc>Types the given ``text`` into the text field identified by ``locator``.</doc>
<msg timestamp="20230728 22:11:37.272" level="INFO">Typing text 'Test-1234' into text field '//*[@id="password"]'.</msg>
<status status="PASS" starttime="20230728 22:11:37.271" endtime="20230728 22:11:37.493"/>
</kw>
<status status="PASS" starttime="20230728 22:11:37.271" endtime="20230728 22:11:37.494"/>
</kw>
<kw name="Click on the submit button">
<kw name="Click Element" library="SeleniumLibrary">
<arg>//div/button/span</arg>
<doc>Click the element identified by ``locator``.</doc>
<msg timestamp="20230728 22:11:37.496" level="INFO">Clicking element '//div/button/span'.</msg>
<status status="PASS" starttime="20230728 22:11:37.495" endtime="20230728 22:11:37.574"/>
</kw>
<status status="PASS" starttime="20230728 22:11:37.495" endtime="20230728 22:11:37.574"/>
</kw>
<kw name="Wait Until Element Is Visible" library="SeleniumLibrary">
<arg>//*[@id="__next"]/div[1]/div/div/div/ul[2]/div[2]/div[2]/span</arg>
<arg>50</arg>
<doc>Waits until the element ``locator`` is visible.</doc>
<status status="PASS" starttime="20230728 22:11:37.574" endtime="20230728 22:11:39.382"/>
</kw>
<kw name="Click sign out button">
<kw name="Click Element" library="SeleniumLibrary">
<arg>//*[@id="__next"]/div[1]/div/div/div/ul[2]/div[2]/div[2]/span</arg>
<doc>Click the element identified by ``locator``.</doc>
<msg timestamp="20230728 22:11:39.382" level="INFO">Clicking element '//*[@id="__next"]/div[1]/div/div/div/ul[2]/div[2]/div[2]/span'.</msg>
<status status="PASS" starttime="20230728 22:11:39.382" endtime="20230728 22:11:39.502"/>
</kw>
<status status="PASS" starttime="20230728 22:11:39.382" endtime="20230728 22:11:39.502"/>
</kw>
<kw name="Assert dashboard">
<kw name="Wait Until Element Is Visible" library="SeleniumLibrary">
<arg>${PAGE LOGO}</arg>
<doc>Waits until the element ``locator`` is visible.</doc>
<status status="PASS" starttime="20230728 22:11:39.505" endtime="20230728 22:11:39.546"/>
</kw>
<kw name="Title Should Be" library="SeleniumLibrary">
<arg>Scouts panel - sign in</arg>
<doc>Verifies that the current page title equals ``title``.</doc>
<msg timestamp="20230728 22:11:39.553" level="INFO">Page title is 'Scouts panel - sign in'.</msg>
<status status="PASS" starttime="20230728 22:11:39.547" endtime="20230728 22:11:39.554"/>
</kw>
<kw name="Capture Page Screenshot" library="SeleniumLibrary">
<arg>alert.png</arg>
<doc>Takes a screenshot of the current page and embeds it into a log file.</doc>
<msg timestamp="20230728 22:11:39.637" level="INFO" html="true">&lt;/td&gt;&lt;/tr&gt;&lt;tr&gt;&lt;td colspan="3"&gt;&lt;a href="alert.png"&gt;&lt;img src="alert.png" width="800px"&gt;&lt;/a&gt;</msg>
<status status="PASS" starttime="20230728 22:11:39.554" endtime="20230728 22:11:39.637"/>
</kw>
<status status="PASS" starttime="20230728 22:11:39.504" endtime="20230728 22:11:39.637"/>
</kw>
<kw name="Close Browser" library="SeleniumLibrary" type="TEARDOWN">
<doc>Closes the current browser.</doc>
<status status="PASS" starttime="20230728 22:11:39.638" endtime="20230728 22:11:41.884"/>
</kw>
<status status="PASS" starttime="20230728 22:11:33.957" endtime="20230728 22:11:41.884"/>
</test>
<test id="s1-t3" name="Leg dropdown" line="68">
<kw name="Open login page">
<kw name="Open Browser" library="SeleniumLibrary">
<arg>${LOGIN URL}</arg>
<arg>${BROWSER}</arg>
<doc>Opens a new browser instance to the optional ``url``.</doc>
<msg timestamp="20230728 22:11:41.884" level="INFO">Opening browser 'Chrome' to base url 'https://scouts-test.futbolkolektyw.pl/en'.</msg>
<status status="PASS" starttime="20230728 22:11:41.884" endtime="20230728 22:11:44.268"/>
</kw>
<kw name="Title Should Be" library="SeleniumLibrary">
<arg>Scouts panel - sign in</arg>
<doc>Verifies that the current page title equals ``title``.</doc>
<msg timestamp="20230728 22:11:44.276" level="INFO">Page title is 'Scouts panel - sign in'.</msg>
<status status="PASS" starttime="20230728 22:11:44.268" endtime="20230728 22:11:44.276"/>
</kw>
<status status="PASS" starttime="20230728 22:11:41.884" endtime="20230728 22:11:44.276"/>
</kw>
<kw name="Type in Email">
<kw name="Input Text" library="SeleniumLibrary">
<arg>${LOGIN INPUT}</arg>
<arg>user05@getnada.com</arg>
<doc>Types the given ``text`` into the text field identified by ``locator``.</doc>
<msg timestamp="20230728 22:11:44.278" level="INFO">Typing text 'user05@getnada.com' into text field '//*[@id='login']'.</msg>
<status status="PASS" starttime="20230728 22:11:44.277" endtime="20230728 22:11:44.705"/>
</kw>
<status status="PASS" starttime="20230728 22:11:44.277" endtime="20230728 22:11:44.705"/>
</kw>
<kw name="Type in password">
<kw name="Input Text" library="SeleniumLibrary">
<arg>${PASSWORD INPUT}</arg>
<arg>Test-1234</arg>
<doc>Types the given ``text`` into the text field identified by ``locator``.</doc>
<msg timestamp="20230728 22:11:44.707" level="INFO">Typing text 'Test-1234' into text field '//*[@id="password"]'.</msg>
<status status="PASS" starttime="20230728 22:11:44.706" endtime="20230728 22:11:44.972"/>
</kw>
<status status="PASS" starttime="20230728 22:11:44.706" endtime="20230728 22:11:44.972"/>
</kw>
<kw name="Click on the submit button">
<kw name="Click Element" library="SeleniumLibrary">
<arg>//div/button/span</arg>
<doc>Click the element identified by ``locator``.</doc>
<msg timestamp="20230728 22:11:44.977" level="INFO">Clicking element '//div/button/span'.</msg>
<status status="PASS" starttime="20230728 22:11:44.972" endtime="20230728 22:11:45.066"/>
</kw>
<status status="PASS" starttime="20230728 22:11:44.972" endtime="20230728 22:11:45.066"/>
</kw>
<kw name="Wait Until Element Is Visible" library="SeleniumLibrary">
<arg>//*/div/a/button</arg>
<arg>50</arg>
<doc>Waits until the element ``locator`` is visible.</doc>
<status status="PASS" starttime="20230728 22:11:45.077" endtime="20230728 22:11:46.932"/>
</kw>
<kw name="Click on the add a player button">
<kw name="Click Element" library="SeleniumLibrary">
<arg>//*/div/a/button</arg>
<doc>Click the element identified by ``locator``.</doc>
<msg timestamp="20230728 22:11:46.934" level="INFO">Clicking element '//*/div/a/button'.</msg>
<status status="PASS" starttime="20230728 22:11:46.933" endtime="20230728 22:11:47.026"/>
</kw>
<status status="PASS" starttime="20230728 22:11:46.932" endtime="20230728 22:11:47.026"/>
</kw>
<kw name="Wait Until Element Is Visible" library="SeleniumLibrary">
<arg>//*[@id="mui-component-select-leg"]</arg>
<arg>10</arg>
<doc>Waits until the element ``locator`` is visible.</doc>
<status status="PASS" starttime="20230728 22:11:47.027" endtime="20230728 22:11:47.263"/>
</kw>
<kw name="Click on the leg drodpown">
<kw name="Click Element" library="SeleniumLibrary">
<arg>//*[@id="mui-component-select-leg"]</arg>
<doc>Click the element identified by ``locator``.</doc>
<msg timestamp="20230728 22:11:47.263" level="INFO">Clicking element '//*[@id="mui-component-select-leg"]'.</msg>
<status status="PASS" starttime="20230728 22:11:47.263" endtime="20230728 22:11:47.386"/>
</kw>
<status status="PASS" starttime="20230728 22:11:47.263" endtime="20230728 22:11:47.386"/>
</kw>
<kw name="Click on the right leg button">
<kw name="Click Element" library="SeleniumLibrary">
<arg>//*[@id="menu-leg"]/div[3]/ul/li[1]</arg>
<doc>Click the element identified by ``locator``.</doc>
<msg timestamp="20230728 22:11:47.393" level="INFO">Clicking element '//*[@id="menu-leg"]/div[3]/ul/li[1]'.</msg>
<status status="PASS" starttime="20230728 22:11:47.392" endtime="20230728 22:11:47.531"/>
</kw>
<status status="PASS" starttime="20230728 22:11:47.391" endtime="20230728 22:11:47.532"/>
</kw>
<kw name="Assert add a player page">
<kw name="Wait Until Element Is Visible" library="SeleniumLibrary">
<arg>${ADD PLAYER LOGO}</arg>
<doc>Waits until the element ``locator`` is visible.</doc>
<status status="PASS" starttime="20230728 22:11:47.535" endtime="20230728 22:11:47.573"/>
</kw>
<kw name="Title Should Be" library="SeleniumLibrary">
<arg>Add player</arg>
<doc>Verifies that the current page title equals ``title``.</doc>
<msg timestamp="20230728 22:11:47.583" level="INFO">Page title is 'Add player'.</msg>
<status status="PASS" starttime="20230728 22:11:47.573" endtime="20230728 22:11:47.583"/>
</kw>
<status status="PASS" starttime="20230728 22:11:47.535" endtime="20230728 22:11:47.583"/>
</kw>
<kw name="Close Browser" library="SeleniumLibrary" type="TEARDOWN">
<doc>Closes the current browser.</doc>
<status status="PASS" starttime="20230728 22:11:47.585" endtime="20230728 22:11:49.842"/>
</kw>
<status status="PASS" starttime="20230728 22:11:41.884" endtime="20230728 22:11:49.842"/>
</test>
<test id="s1-t4" name="Add a player form" line="81">
<kw name="Open login page">
<kw name="Open Browser" library="SeleniumLibrary">
<arg>${LOGIN URL}</arg>
<arg>${BROWSER}</arg>
<doc>Opens a new browser instance to the optional ``url``.</doc>
<msg timestamp="20230728 22:11:49.848" level="INFO">Opening browser 'Chrome' to base url 'https://scouts-test.futbolkolektyw.pl/en'.</msg>
<status status="PASS" starttime="20230728 22:11:49.848" endtime="20230728 22:11:52.607"/>
</kw>
<kw name="Title Should Be" library="SeleniumLibrary">
<arg>Scouts panel - sign in</arg>
<doc>Verifies that the current page title equals ``title``.</doc>
<msg timestamp="20230728 22:11:52.615" level="INFO">Page title is 'Scouts panel - sign in'.</msg>
<status status="PASS" starttime="20230728 22:11:52.607" endtime="20230728 22:11:52.615"/>
</kw>
<status status="PASS" starttime="20230728 22:11:49.848" endtime="20230728 22:11:52.615"/>
</kw>
<kw name="Type in Email">
<kw name="Input Text" library="SeleniumLibrary">
<arg>${LOGIN INPUT}</arg>
<arg>user05@getnada.com</arg>
<doc>Types the given ``text`` into the text field identified by ``locator``.</doc>
<msg timestamp="20230728 22:11:52.619" level="INFO">Typing text 'user05@getnada.com' into text field '//*[@id='login']'.</msg>
<status status="PASS" starttime="20230728 22:11:52.615" endtime="20230728 22:11:52.943"/>
</kw>
<status status="PASS" starttime="20230728 22:11:52.615" endtime="20230728 22:11:52.943"/>
</kw>
<kw name="Type in password">
<kw name="Input Text" library="SeleniumLibrary">
<arg>${PASSWORD INPUT}</arg>
<arg>Test-1234</arg>
<doc>Types the given ``text`` into the text field identified by ``locator``.</doc>
<msg timestamp="20230728 22:11:52.943" level="INFO">Typing text 'Test-1234' into text field '//*[@id="password"]'.</msg>
<status status="PASS" starttime="20230728 22:11:52.943" endtime="20230728 22:11:53.111"/>
</kw>
<status status="PASS" starttime="20230728 22:11:52.943" endtime="20230728 22:11:53.111"/>
</kw>
<kw name="Click on the submit button">
<kw name="Click Element" library="SeleniumLibrary">
<arg>//div/button/span</arg>
<doc>Click the element identified by ``locator``.</doc>
<msg timestamp="20230728 22:11:53.116" level="INFO">Clicking element '//div/button/span'.</msg>
<status status="PASS" starttime="20230728 22:11:53.114" endtime="20230728 22:11:53.195"/>
</kw>
<status status="PASS" starttime="20230728 22:11:53.114" endtime="20230728 22:11:53.195"/>
</kw>
<kw name="Wait Until Element Is Visible" library="SeleniumLibrary">
<arg>//*/div/a/button</arg>
<arg>50</arg>
<doc>Waits until the element ``locator`` is visible.</doc>
<status status="PASS" starttime="20230728 22:11:53.195" endtime="20230728 22:11:55.022"/>
</kw>
<kw name="Click on the add a player button">
<kw name="Click Element" library="SeleniumLibrary">
<arg>//*/div/a/button</arg>
<doc>Click the element identified by ``locator``.</doc>
<msg timestamp="20230728 22:11:55.026" level="INFO">Clicking element '//*/div/a/button'.</msg>
<status status="PASS" starttime="20230728 22:11:55.022" endtime="20230728 22:11:55.127"/>
</kw>
<status status="PASS" starttime="20230728 22:11:55.022" endtime="20230728 22:11:55.127"/>
</kw>
<kw name="Type In Name">
<kw name="Input Text" library="SeleniumLibrary">
<arg>${ADD PLAYER NAME}</arg>
<arg>Iksinski</arg>
<doc>Types the given ``text`` into the text field identified by ``locator``.</doc>
<msg timestamp="20230728 22:11:55.130" level="INFO">Typing text 'Iksinski' into text field '//*[@id="__next"]/div[1]/main/div[2]/form/div[2]/div/div[2]/div/div/input'.</msg>
<status status="PASS" starttime="20230728 22:11:55.129" endtime="20230728 22:11:55.427"/>
</kw>
<status status="PASS" starttime="20230728 22:11:55.129" endtime="20230728 22:11:55.427"/>
</kw>
<kw name="Type In Surname">
<kw name="Input Text" library="SeleniumLibrary">
<arg>${ADD PLAYER SURNAME}</arg>
<arg>Ygrek</arg>
<doc>Types the given ``text`` into the text field identified by ``locator``.</doc>
<msg timestamp="20230728 22:11:55.431" level="INFO">Typing text 'Ygrek' into text field '//*/div/div[3]/div/div/input'.</msg>
<status status="PASS" starttime="20230728 22:11:55.427" endtime="20230728 22:11:55.624"/>
</kw>
<status status="PASS" starttime="20230728 22:11:55.427" endtime="20230728 22:11:55.624"/>
</kw>
<kw name="Type In Main Position">
<kw name="Input Text" library="SeleniumLibrary">
<arg>${ADD PLAYER MAIN POSITION}</arg>
<arg>keeper</arg>
<doc>Types the given ``text`` into the text field identified by ``locator``.</doc>
<msg timestamp="20230728 22:11:55.626" level="INFO">Typing text 'keeper' into text field '//*/div/div[11]/div/div/input'.</msg>
<status status="PASS" starttime="20230728 22:11:55.626" endtime="20230728 22:11:55.797"/>
</kw>
<status status="PASS" starttime="20230728 22:11:55.625" endtime="20230728 22:11:55.797"/>
</kw>
<kw name="Type In Age">
<kw name="Input Text" library="SeleniumLibrary">
<arg>${ADD PLAYER AGE}</arg>
<arg>12.07.2023</arg>
<doc>Types the given ``text`` into the text field identified by ``locator``.</doc>
<msg timestamp="20230728 22:11:55.801" level="INFO">Typing text '12.07.2023' into text field '//*/div/div[7]/div/div/input'.</msg>
<status status="PASS" starttime="20230728 22:11:55.800" endtime="20230728 22:11:55.952"/>
</kw>
<status status="PASS" starttime="20230728 22:11:55.799" endtime="20230728 22:11:55.952"/>
</kw>
<kw name="Click on The Add Player Submit Button">
<kw name="Click Element" library="SeleniumLibrary">
<arg>//*/form/div[3]/button[1]/span[1]</arg>
<doc>Click the element identified by ``locator``.</doc>
<msg timestamp="20230728 22:11:55.952" level="INFO">Clicking element '//*/form/div[3]/button[1]/span[1]'.</msg>
<status status="PASS" starttime="20230728 22:11:55.952" endtime="20230728 22:11:56.044"/>
</kw>
<status status="PASS" starttime="20230728 22:11:55.952" endtime="20230728 22:11:56.044"/>
</kw>
<kw name="Assert add a player page">
<kw name="Wait Until Element Is Visible" library="SeleniumLibrary">
<arg>${ADD PLAYER LOGO}</arg>
<doc>Waits until the element ``locator`` is visible.</doc>
<status status="PASS" starttime="20230728 22:11:56.044" endtime="20230728 22:11:56.084"/>
</kw>
<kw name="Title Should Be" library="SeleniumLibrary">
<arg>Add player</arg>
<doc>Verifies that the current page title equals ``title``.</doc>
<msg timestamp="20230728 22:11:56.088" level="INFO">Page title is 'Add player'.</msg>
<status status="PASS" starttime="20230728 22:11:56.084" endtime="20230728 22:11:56.092"/>
</kw>
<status status="PASS" starttime="20230728 22:11:56.044" endtime="20230728 22:11:56.092"/>
</kw>
<kw name="Close Browser" library="SeleniumLibrary" type="TEARDOWN">
<doc>Closes the current browser.</doc>
<status status="PASS" starttime="20230728 22:11:56.092" endtime="20230728 22:11:58.347"/>
</kw>
<status status="PASS" starttime="20230728 22:11:49.847" endtime="20230728 22:11:58.347"/>
</test>
<test id="s1-t5" name="Contact button" line="96">
<kw name="Open login page">
<kw name="Open Browser" library="SeleniumLibrary">
<arg>${LOGIN URL}</arg>
<arg>${BROWSER}</arg>
<doc>Opens a new browser instance to the optional ``url``.</doc>
<msg timestamp="20230728 22:11:58.355" level="INFO">Opening browser 'Chrome' to base url 'https://scouts-test.futbolkolektyw.pl/en'.</msg>
<status status="PASS" starttime="20230728 22:11:58.355" endtime="20230728 22:12:01.502"/>
</kw>
<kw name="Title Should Be" library="SeleniumLibrary">
<arg>Scouts panel - sign in</arg>
<doc>Verifies that the current page title equals ``title``.</doc>
<msg timestamp="20230728 22:12:01.509" level="INFO">Page title is 'Scouts panel - sign in'.</msg>
<status status="PASS" starttime="20230728 22:12:01.502" endtime="20230728 22:12:01.509"/>
</kw>
<status status="PASS" starttime="20230728 22:11:58.351" endtime="20230728 22:12:01.509"/>
</kw>
<kw name="Type in Email">
<kw name="Input Text" library="SeleniumLibrary">
<arg>${LOGIN INPUT}</arg>
<arg>user05@getnada.com</arg>
<doc>Types the given ``text`` into the text field identified by ``locator``.</doc>
<msg timestamp="20230728 22:12:01.510" level="INFO">Typing text 'user05@getnada.com' into text field '//*[@id='login']'.</msg>
<status status="PASS" starttime="20230728 22:12:01.510" endtime="20230728 22:12:01.767"/>
</kw>
<status status="PASS" starttime="20230728 22:12:01.509" endtime="20230728 22:12:01.768"/>
</kw>
<kw name="Type in password">
<kw name="Input Text" library="SeleniumLibrary">
<arg>${PASSWORD INPUT}</arg>
<arg>Test-1234</arg>
<doc>Types the given ``text`` into the text field identified by ``locator``.</doc>
<msg timestamp="20230728 22:12:01.770" level="INFO">Typing text 'Test-1234' into text field '//*[@id="password"]'.</msg>
<status status="PASS" starttime="20230728 22:12:01.770" endtime="20230728 22:12:01.933"/>
</kw>
<status status="PASS" starttime="20230728 22:12:01.768" endtime="20230728 22:12:01.933"/>
</kw>
<kw name="Click on the submit button">
<kw name="Click Element" library="SeleniumLibrary">
<arg>//div/button/span</arg>
<doc>Click the element identified by ``locator``.</doc>
<msg timestamp="20230728 22:12:01.933" level="INFO">Clicking element '//div/button/span'.</msg>
<status status="PASS" starttime="20230728 22:12:01.933" endtime="20230728 22:12:02.023"/>
</kw>
<status status="PASS" starttime="20230728 22:12:01.933" endtime="20230728 22:12:02.023"/>
</kw>
<kw name="Wait Until Element Is Visible" library="SeleniumLibrary">
<arg>//div[1]/div/div[3]/a/span[1]</arg>
<arg>10</arg>
<doc>Waits until the element ``locator`` is visible.</doc>
<status status="PASS" starttime="20230728 22:12:02.023" endtime="20230728 22:12:03.073"/>
</kw>
<kw name="Close Browser" library="SeleniumLibrary" type="TEARDOWN">
<doc>Closes the current browser.</doc>
<status status="PASS" starttime="20230728 22:12:03.074" endtime="20230728 22:12:05.347"/>
</kw>
<status status="PASS" starttime="20230728 22:11:58.351" endtime="20230728 22:12:05.347"/>
</test>
<test id="s1-t6" name="Clear form" line="104">
<kw name="Open login page">
<kw name="Open Browser" library="SeleniumLibrary">
<arg>${LOGIN URL}</arg>
<arg>${BROWSER}</arg>
<doc>Opens a new browser instance to the optional ``url``.</doc>
<msg timestamp="20230728 22:12:05.354" level="INFO">Opening browser 'Chrome' to base url 'https://scouts-test.futbolkolektyw.pl/en'.</msg>
<status status="PASS" starttime="20230728 22:12:05.354" endtime="20230728 22:12:08.007"/>
</kw>
<kw name="Title Should Be" library="SeleniumLibrary">
<arg>Scouts panel - sign in</arg>
<doc>Verifies that the current page title equals ``title``.</doc>
<msg timestamp="20230728 22:12:08.034" level="INFO">Page title is 'Scouts panel - sign in'.</msg>
<status status="PASS" starttime="20230728 22:12:08.008" endtime="20230728 22:12:08.035"/>
</kw>
<status status="PASS" starttime="20230728 22:12:05.350" endtime="20230728 22:12:08.035"/>
</kw>
<kw name="Type in Email">
<kw name="Input Text" library="SeleniumLibrary">
<arg>${LOGIN INPUT}</arg>
<arg>user05@getnada.com</arg>
<doc>Types the given ``text`` into the text field identified by ``locator``.</doc>
<msg timestamp="20230728 22:12:08.038" level="INFO">Typing text 'user05@getnada.com' into text field '//*[@id='login']'.</msg>
<status status="PASS" starttime="20230728 22:12:08.036" endtime="20230728 22:12:08.492"/>
</kw>
<status status="PASS" starttime="20230728 22:12:08.036" endtime="20230728 22:12:08.492"/>
</kw>
<kw name="Type in password">
<kw name="Input Text" library="SeleniumLibrary">
<arg>${PASSWORD INPUT}</arg>
<arg>Test-1234</arg>
<doc>Types the given ``text`` into the text field identified by ``locator``.</doc>
<msg timestamp="20230728 22:12:08.496" level="INFO">Typing text 'Test-1234' into text field '//*[@id="password"]'.</msg>
<status status="PASS" starttime="20230728 22:12:08.494" endtime="20230728 22:12:08.685"/>
</kw>
<status status="PASS" starttime="20230728 22:12:08.494" endtime="20230728 22:12:08.685"/>
</kw>
<kw name="Click on the submit button">
<kw name="Click Element" library="SeleniumLibrary">
<arg>//div/button/span</arg>
<doc>Click the element identified by ``locator``.</doc>
<msg timestamp="20230728 22:12:08.685" level="INFO">Clicking element '//div/button/span'.</msg>
<status status="PASS" starttime="20230728 22:12:08.685" endtime="20230728 22:12:08.771"/>
</kw>
<status status="PASS" starttime="20230728 22:12:08.685" endtime="20230728 22:12:08.771"/>
</kw>
<kw name="Wait Until Element Is Visible" library="SeleniumLibrary">
<arg>//*/div/a/button</arg>
<arg>50</arg>
<doc>Waits until the element ``locator`` is visible.</doc>
<status status="PASS" starttime="20230728 22:12:08.771" endtime="20230728 22:12:09.900"/>
</kw>
<kw name="Click on the add a player button">
<kw name="Click Element" library="SeleniumLibrary">
<arg>//*/div/a/button</arg>
<doc>Click the element identified by ``locator``.</doc>
<msg timestamp="20230728 22:12:09.902" level="INFO">Clicking element '//*/div/a/button'.</msg>
<status status="PASS" starttime="20230728 22:12:09.901" endtime="20230728 22:12:09.996"/>
</kw>
<status status="PASS" starttime="20230728 22:12:09.901" endtime="20230728 22:12:09.996"/>
</kw>
<kw name="Type In Name">
<kw name="Input Text" library="SeleniumLibrary">
<arg>${ADD PLAYER NAME}</arg>
<arg>Iksinski</arg>
<doc>Types the given ``text`` into the text field identified by ``locator``.</doc>
<msg timestamp="20230728 22:12:10.005" level="INFO">Typing text 'Iksinski' into text field '//*[@id="__next"]/div[1]/main/div[2]/form/div[2]/div/div[2]/div/div/input'.</msg>
<status status="PASS" starttime="20230728 22:12:10.004" endtime="20230728 22:12:10.410"/>
</kw>
<status status="PASS" starttime="20230728 22:12:10.004" endtime="20230728 22:12:10.410"/>
</kw>
<kw name="Type In Surname">
<kw name="Input Text" library="SeleniumLibrary">
<arg>${ADD PLAYER SURNAME}</arg>
<arg>Ygrek</arg>
<doc>Types the given ``text`` into the text field identified by ``locator``.</doc>
<msg timestamp="20230728 22:12:10.410" level="INFO">Typing text 'Ygrek' into text field '//*/div/div[3]/div/div/input'.</msg>
<status status="PASS" starttime="20230728 22:12:10.410" endtime="20230728 22:12:10.559"/>
</kw>
<status status="PASS" starttime="20230728 22:12:10.410" endtime="20230728 22:12:10.561"/>
</kw>
<kw name="Type In Main Position">
<kw name="Input Text" library="SeleniumLibrary">
<arg>${ADD PLAYER MAIN POSITION}</arg>
<arg>keeper</arg>
<doc>Types the given ``text`` into the text field identified by ``locator``.</doc>
<msg timestamp="20230728 22:12:10.561" level="INFO">Typing text 'keeper' into text field '//*/div/div[11]/div/div/input'.</msg>
<status status="PASS" starttime="20230728 22:12:10.561" endtime="20230728 22:12:10.716"/>
</kw>
<status status="PASS" starttime="20230728 22:12:10.561" endtime="20230728 22:12:10.716"/>
</kw>
<kw name="Type In Age">
<kw name="Input Text" library="SeleniumLibrary">
<arg>${ADD PLAYER AGE}</arg>
<arg>12.07.2023</arg>
<doc>Types the given ``text`` into the text field identified by ``locator``.</doc>
<msg timestamp="20230728 22:12:10.720" level="INFO">Typing text '12.07.2023' into text field '//*/div/div[7]/div/div/input'.</msg>
<status status="PASS" starttime="20230728 22:12:10.720" endtime="20230728 22:12:10.856"/>
</kw>
<status status="PASS" starttime="20230728 22:12:10.720" endtime="20230728 22:12:10.856"/>
</kw>
<kw name="Click clear button">
<kw name="Click Element" library="SeleniumLibrary">
<arg>//*/div[3]/button[2]/span[1]</arg>
<doc>Click the element identified by ``locator``.</doc>
<msg timestamp="20230728 22:12:10.858" level="INFO">Clicking element '//*/div[3]/button[2]/span[1]'.</msg>
<status status="PASS" starttime="20230728 22:12:10.858" endtime="20230728 22:12:10.943"/>
</kw>
<status status="PASS" starttime="20230728 22:12:10.858" endtime="20230728 22:12:10.943"/>
</kw>
<kw name="Wait Until Element Is Visible" library="SeleniumLibrary">
<arg>//*/div[3]/button[2]/span[1]</arg>
<arg>10</arg>
<doc>Waits until the element ``locator`` is visible.</doc>
<status status="PASS" starttime="20230728 22:12:10.943" endtime="20230728 22:12:10.985"/>
</kw>
<kw name="Close Browser" library="SeleniumLibrary" type="TEARDOWN">
<doc>Closes the current browser.</doc>
<status status="PASS" starttime="20230728 22:12:10.985" endtime="20230728 22:12:13.223"/>
</kw>
<status status="PASS" starttime="20230728 22:12:05.350" endtime="20230728 22:12:13.223"/>
</test>
<doc>Suite description</doc>
<status status="PASS" starttime="20230728 22:11:27.317" endtime="20230728 22:12:13.223"/>
</suite>
<statistics>
<total>
<stat pass="6" fail="0" skip="0">All Tests</stat>
</total>
<tag>
</tag>
<suite>
<stat pass="6" fail="0" skip="0" id="s1" name="Test Login Rf">Test Login Rf</stat>
</suite>
</statistics>
<errors>
</errors>
</robot>
